{"/home/boris/Projects/todo-list-dev-plan/src/App.tsx": {"path":"/home/boris/Projects/todo-list-dev-plan/src/App.tsx","statementMap":{"0":{"start":{"line":22,"column":4},"end":{"line":22,"column":17}},"1":{"start":{"line":23,"column":4},"end":{"line":26,"column":6}},"2":{"start":{"line":29,"column":21},"end":{"line":39,"column":3}},"3":{"start":{"line":30,"column":4},"end":{"line":30,"column":23}},"4":{"start":{"line":31,"column":25},"end":{"line":31,"column":35}},"5":{"start":{"line":32,"column":20},"end":{"line":36,"column":5}},"6":{"start":{"line":37,"column":18},"end":{"line":37,"column":40}},"7":{"start":{"line":38,"column":4},"end":{"line":38,"column":39}},"8":{"start":{"line":41,"column":17},"end":{"line":45,"column":3}},"9":{"start":{"line":42,"column":25},"end":{"line":42,"column":35}},"10":{"start":{"line":43,"column":21},"end":{"line":43,"column":62}},"11":{"start":{"line":43,"column":47},"end":{"line":43,"column":61}},"12":{"start":{"line":44,"column":4},"end":{"line":44,"column":42}},"13":{"start":{"line":47,"column":16},"end":{"line":54,"column":3}},"14":{"start":{"line":48,"column":25},"end":{"line":48,"column":35}},"15":{"start":{"line":49,"column":18},"end":{"line":52,"column":6}},"16":{"start":{"line":50,"column":6},"end":{"line":50,"column":63}},"17":{"start":{"line":50,"column":26},"end":{"line":50,"column":63}},"18":{"start":{"line":51,"column":6},"end":{"line":51,"column":18}},"19":{"start":{"line":53,"column":4},"end":{"line":53,"column":39}},"20":{"start":{"line":56,"column":19},"end":{"line":60,"column":3}},"21":{"start":{"line":57,"column":25},"end":{"line":57,"column":35}},"22":{"start":{"line":58,"column":19},"end":{"line":58,"column":58}},"23":{"start":{"line":58,"column":43},"end":{"line":58,"column":57}},"24":{"start":{"line":59,"column":4},"end":{"line":59,"column":43}},"25":{"start":{"line":62,"column":20},"end":{"line":64,"column":3}},"26":{"start":{"line":63,"column":4},"end":{"line":63,"column":46}},"27":{"start":{"line":66,"column":19},"end":{"line":73,"column":3}},"28":{"start":{"line":67,"column":38},"end":{"line":67,"column":48}},"29":{"start":{"line":68,"column":18},"end":{"line":71,"column":6}},"30":{"start":{"line":69,"column":6},"end":{"line":69,"column":58}},"31":{"start":{"line":69,"column":39},"end":{"line":69,"column":58}},"32":{"start":{"line":70,"column":6},"end":{"line":70,"column":18}},"33":{"start":{"line":72,"column":4},"end":{"line":72,"column":63}},"34":{"start":{"line":76,"column":38},"end":{"line":76,"column":48}},"35":{"start":{"line":84,"column":8},"end":{"line":84,"column":12}},"36":{"start":{"line":85,"column":4},"end":{"line":103,"column":6}},"37":{"start":{"line":107,"column":18},"end":{"line":109,"column":1}}},"fnMap":{"0":{"name":"(anonymous_0)","decl":{"start":{"line":21,"column":2},"end":{"line":21,"column":3}},"loc":{"start":{"line":21,"column":28},"end":{"line":27,"column":3}},"line":21},"1":{"name":"(anonymous_1)","decl":{"start":{"line":29,"column":21},"end":{"line":29,"column":22}},"loc":{"start":{"line":29,"column":67},"end":{"line":39,"column":3}},"line":29},"2":{"name":"(anonymous_2)","decl":{"start":{"line":41,"column":17},"end":{"line":41,"column":18}},"loc":{"start":{"line":41,"column":33},"end":{"line":45,"column":3}},"line":41},"3":{"name":"(anonymous_3)","decl":{"start":{"line":43,"column":37},"end":{"line":43,"column":38}},"loc":{"start":{"line":43,"column":47},"end":{"line":43,"column":61}},"line":43},"4":{"name":"(anonymous_4)","decl":{"start":{"line":47,"column":16},"end":{"line":47,"column":17}},"loc":{"start":{"line":47,"column":32},"end":{"line":54,"column":3}},"line":47},"5":{"name":"(anonymous_5)","decl":{"start":{"line":49,"column":31},"end":{"line":49,"column":32}},"loc":{"start":{"line":49,"column":41},"end":{"line":52,"column":5}},"line":49},"6":{"name":"(anonymous_6)","decl":{"start":{"line":56,"column":19},"end":{"line":56,"column":20}},"loc":{"start":{"line":56,"column":35},"end":{"line":60,"column":3}},"line":56},"7":{"name":"(anonymous_7)","decl":{"start":{"line":58,"column":33},"end":{"line":58,"column":34}},"loc":{"start":{"line":58,"column":43},"end":{"line":58,"column":57}},"line":58},"8":{"name":"(anonymous_8)","decl":{"start":{"line":62,"column":20},"end":{"line":62,"column":21}},"loc":{"start":{"line":62,"column":26},"end":{"line":64,"column":3}},"line":62},"9":{"name":"(anonymous_9)","decl":{"start":{"line":66,"column":19},"end":{"line":66,"column":20}},"loc":{"start":{"line":66,"column":38},"end":{"line":73,"column":3}},"line":66},"10":{"name":"(anonymous_10)","decl":{"start":{"line":68,"column":31},"end":{"line":68,"column":32}},"loc":{"start":{"line":68,"column":41},"end":{"line":71,"column":5}},"line":68},"11":{"name":"(anonymous_11)","decl":{"start":{"line":75,"column":2},"end":{"line":75,"column":3}},"loc":{"start":{"line":75,"column":11},"end":{"line":104,"column":3}},"line":75}},"branchMap":{"0":{"loc":{"start":{"line":50,"column":6},"end":{"line":50,"column":63}},"type":"if","locations":[{"start":{"line":50,"column":6},"end":{"line":50,"column":63}},{"start":{"line":50,"column":6},"end":{"line":50,"column":63}}],"line":50},"1":{"loc":{"start":{"line":69,"column":6},"end":{"line":69,"column":58}},"type":"if","locations":[{"start":{"line":69,"column":6},"end":{"line":69,"column":58}},{"start":{"line":69,"column":6},"end":{"line":69,"column":58}}],"line":69},"2":{"loc":{"start":{"line":95,"column":9},"end":{"line":101,"column":9}},"type":"binary-expr","locations":[{"start":{"line":95,"column":9},"end":{"line":95,"column":20}},{"start":{"line":96,"column":10},"end":{"line":100,"column":12}}],"line":95}},"s":{"0":1,"1":1,"2":1,"3":1,"4":1,"5":1,"6":1,"7":1,"8":1,"9":0,"10":0,"11":0,"12":0,"13":1,"14":0,"15":0,"16":0,"17":0,"18":0,"19":0,"20":1,"21":1,"22":1,"23":1,"24":1,"25":1,"26":0,"27":1,"28":0,"29":0,"30":0,"31":0,"32":0,"33":0,"34":3,"35":3,"36":3,"37":1},"f":{"0":1,"1":1,"2":0,"3":0,"4":0,"5":0,"6":1,"7":1,"8":0,"9":0,"10":0,"11":3},"b":{"0":[0,0],"1":[0,0],"2":[3,1]},"_coverageSchema":"1a1c01bbd47fc00a2c39e90264f33305004495a9","hash":"f3941479cbd69093d0f8f652e081878162a60c20"}
,"/home/boris/Projects/todo-list-dev-plan/src/Modal.tsx": {"path":"/home/boris/Projects/todo-list-dev-plan/src/Modal.tsx","statementMap":{"0":{"start":{"line":14,"column":4},"end":{"line":14,"column":17}},"1":{"start":{"line":15,"column":4},"end":{"line":17,"column":6}},"2":{"start":{"line":20,"column":23},"end":{"line":20,"column":56}},"3":{"start":{"line":23,"column":4},"end":{"line":23,"column":68}},"4":{"start":{"line":27,"column":4},"end":{"line":27,"column":71}},"5":{"start":{"line":30,"column":17},"end":{"line":33,"column":3}},"6":{"start":{"line":31,"column":22},"end":{"line":31,"column":37}},"7":{"start":{"line":32,"column":4},"end":{"line":32,"column":43}},"8":{"start":{"line":35,"column":23},"end":{"line":39,"column":3}},"9":{"start":{"line":36,"column":4},"end":{"line":38,"column":5}},"10":{"start":{"line":37,"column":6},"end":{"line":37,"column":25}},"11":{"start":{"line":42,"column":34},"end":{"line":42,"column":44}},"12":{"start":{"line":43,"column":29},"end":{"line":43,"column":39}},"13":{"start":{"line":44,"column":29},"end":{"line":44,"column":33}},"14":{"start":{"line":45,"column":4},"end":{"line":60,"column":6}},"15":{"start":{"line":58,"column":29},"end":{"line":58,"column":47}},"16":{"start":{"line":64,"column":20},"end":{"line":75,"column":1}},"17":{"start":{"line":77,"column":14},"end":{"line":81,"column":1}},"18":{"start":{"line":82,"column":13},"end":{"line":84,"column":1}}},"fnMap":{"0":{"name":"(anonymous_0)","decl":{"start":{"line":13,"column":2},"end":{"line":13,"column":3}},"loc":{"start":{"line":13,"column":28},"end":{"line":18,"column":3}},"line":13},"1":{"name":"(anonymous_1)","decl":{"start":{"line":22,"column":2},"end":{"line":22,"column":3}},"loc":{"start":{"line":22,"column":22},"end":{"line":24,"column":3}},"line":22},"2":{"name":"(anonymous_2)","decl":{"start":{"line":26,"column":2},"end":{"line":26,"column":3}},"loc":{"start":{"line":26,"column":25},"end":{"line":28,"column":3}},"line":26},"3":{"name":"(anonymous_3)","decl":{"start":{"line":30,"column":17},"end":{"line":30,"column":18}},"loc":{"start":{"line":30,"column":59},"end":{"line":33,"column":3}},"line":30},"4":{"name":"(anonymous_4)","decl":{"start":{"line":35,"column":23},"end":{"line":35,"column":24}},"loc":{"start":{"line":35,"column":35},"end":{"line":39,"column":3}},"line":35},"5":{"name":"(anonymous_5)","decl":{"start":{"line":41,"column":2},"end":{"line":41,"column":3}},"loc":{"start":{"line":41,"column":11},"end":{"line":61,"column":3}},"line":41},"6":{"name":"(anonymous_6)","decl":{"start":{"line":58,"column":23},"end":{"line":58,"column":24}},"loc":{"start":{"line":58,"column":29},"end":{"line":58,"column":47}},"line":58}},"branchMap":{"0":{"loc":{"start":{"line":36,"column":4},"end":{"line":38,"column":5}},"type":"if","locations":[{"start":{"line":36,"column":4},"end":{"line":38,"column":5}},{"start":{"line":36,"column":4},"end":{"line":38,"column":5}}],"line":36},"1":{"loc":{"start":{"line":36,"column":8},"end":{"line":36,"column":71}},"type":"binary-expr","locations":[{"start":{"line":36,"column":8},"end":{"line":36,"column":23}},{"start":{"line":36,"column":27},"end":{"line":36,"column":71}}],"line":36}},"s":{"0":1,"1":1,"2":1,"3":1,"4":1,"5":1,"6":1,"7":1,"8":1,"9":1,"10":0,"11":2,"12":2,"13":2,"14":2,"15":0,"16":1,"17":1,"18":1},"f":{"0":1,"1":1,"2":1,"3":1,"4":1,"5":2,"6":0},"b":{"0":[0,1],"1":[1,1]},"_coverageSchema":"1a1c01bbd47fc00a2c39e90264f33305004495a9","hash":"01c715b63fe42037ee8034011095ad10dc433d11"}
,"/home/boris/Projects/todo-list-dev-plan/src/Task.tsx": {"path":"/home/boris/Projects/todo-list-dev-plan/src/Task.tsx","statementMap":{"0":{"start":{"line":18,"column":4},"end":{"line":18,"column":17}},"1":{"start":{"line":19,"column":4},"end":{"line":23,"column":6}},"2":{"start":{"line":26,"column":64},"end":{"line":26,"column":74}},"3":{"start":{"line":27,"column":4},"end":{"line":43,"column":6}},"4":{"start":{"line":34,"column":28},"end":{"line":34,"column":37}},"5":{"start":{"line":39,"column":33},"end":{"line":39,"column":43}},"6":{"start":{"line":40,"column":33},"end":{"line":40,"column":45}},"7":{"start":{"line":47,"column":24},"end":{"line":50,"column":1}},"8":{"start":{"line":52,"column":21},"end":{"line":55,"column":1}},"9":{"start":{"line":57,"column":22},"end":{"line":59,"column":1}},"10":{"start":{"line":61,"column":26},"end":{"line":70,"column":1}},"11":{"start":{"line":72,"column":20},"end":{"line":85,"column":1}},"12":{"start":{"line":83,"column":4},"end":{"line":83,"column":59}},"13":{"start":{"line":84,"column":19},"end":{"line":84,"column":37}}},"fnMap":{"0":{"name":"(anonymous_0)","decl":{"start":{"line":17,"column":2},"end":{"line":17,"column":3}},"loc":{"start":{"line":17,"column":28},"end":{"line":24,"column":3}},"line":17},"1":{"name":"(anonymous_1)","decl":{"start":{"line":25,"column":2},"end":{"line":25,"column":3}},"loc":{"start":{"line":25,"column":11},"end":{"line":44,"column":3}},"line":25},"2":{"name":"(anonymous_2)","decl":{"start":{"line":34,"column":22},"end":{"line":34,"column":23}},"loc":{"start":{"line":34,"column":28},"end":{"line":34,"column":37}},"line":34},"3":{"name":"(anonymous_3)","decl":{"start":{"line":39,"column":27},"end":{"line":39,"column":28}},"loc":{"start":{"line":39,"column":33},"end":{"line":39,"column":43}},"line":39},"4":{"name":"(anonymous_4)","decl":{"start":{"line":40,"column":27},"end":{"line":40,"column":28}},"loc":{"start":{"line":40,"column":33},"end":{"line":40,"column":45}},"line":40},"5":{"name":"(anonymous_5)","decl":{"start":{"line":82,"column":4},"end":{"line":82,"column":5}},"loc":{"start":{"line":83,"column":4},"end":{"line":83,"column":59}},"line":83},"6":{"name":"(anonymous_6)","decl":{"start":{"line":84,"column":4},"end":{"line":84,"column":5}},"loc":{"start":{"line":84,"column":19},"end":{"line":84,"column":37}},"line":84}},"branchMap":{"0":{"loc":{"start":{"line":83,"column":4},"end":{"line":83,"column":59}},"type":"binary-expr","locations":[{"start":{"line":83,"column":4},"end":{"line":83,"column":18}},{"start":{"line":83,"column":22},"end":{"line":83,"column":59}}],"line":83}},"s":{"0":1,"1":1,"2":2,"3":2,"4":0,"5":0,"6":1,"7":1,"8":1,"9":1,"10":1,"11":1,"12":4,"13":4},"f":{"0":1,"1":2,"2":0,"3":0,"4":1,"5":4,"6":4},"b":{"0":[4,2]},"_coverageSchema":"1a1c01bbd47fc00a2c39e90264f33305004495a9","hash":"e33500a1a886c74c7806a0c2573a53a4bd46eda0"}
}
